<?xml version="1.0" encoding="utf-8"?><testsuites><testsuite errors="0" failures="0" hostname="camila-C53" name="pytest" skipped="0" tests="4" time="0.964" timestamp="2020-07-24T11:25:52.597320"><testcase classname="test_submit" file="test_submit.py" line="3" name="test_q1" time="0.023"></testcase><testcase classname="test_submit" file="test_submit.py" line="8" name="test_q2" time="0.015"></testcase><testcase classname="test_submit" file="test_submit.py" line="13" name="test_q3" time="0.023"></testcase><testcase classname="test_submit" file="test_submit.py" line="18" name="test_q4" time="0.106"></testcase></testsuite></testsuites>